<?xml version="1.0" encoding="UTF-8"?>
<!-- Generated by org.testng.reporters.JUnitXMLReporter -->
<testsuite ignored="2" hostname="Pramodya" failures="0" tests="0" time="0.008" errors="0" timestamp="26 Sep 2022 09:54:42 GMT">
  <testcase classname="com.actitime.qa.testcases.UsersPageTest" name="reportsPageNewReportTest" time="0.0">
    <ignored/>
  </testcase> <!-- reportsPageNewReportTest -->
  <testcase classname="com.actitime.qa.testcases.UsersPageTest" name="usersPageLogoTest" time="0.0">
    <ignored/>
  </testcase> <!-- usersPageLogoTest -->
</testsuite>
