<?xml version="1.0" encoding="UTF-8"?>
<!-- Generated by org.testng.reporters.JUnitXMLReporter -->
<testsuite ignored="0" hostname="Pramodya" failures="0" tests="5" name="Command line test" time="53.32" errors="0" timestamp="26 Sep 2022 05:54:02 GMT">
  <testcase classname="com.actitime.qa.testcases.HomePageTest" name="homePageLogoTest" time="4.362"/>
  <testcase classname="com.actitime.qa.testcases.LogonPageTest" name="loginPageLogoTest" time="0.05"/>
  <testcase classname="com.actitime.qa.testcases.HomePageTest" name="homePageTaskLinkTest" time="6.434"/>
  <testcase classname="com.actitime.qa.testcases.LogonPageTest" name="LoginTest" time="0.378"/>
  <testcase classname="com.actitime.qa.testcases.LogonPageTest" name="LoginTest" time="0.375"/>
</testsuite> <!-- Command line test -->
