<?xml version="1.0" encoding="UTF-8" ?>
<testsuite tests="11" failures="0" name="TestSuite" time="24.542" errors="0" skipped="0">
  <properties>
[...]
</properties>
  <testcase classname="com.actitime.qa.testcases.HomePageTest" name="goToApproveTimeTrack" time="3.863"/>
  <testcase classname="com.actitime.qa.testcases.HomePageTest" name="homePageLogoTest" time="6.595"/>
  <testcase classname="com.actitime.qa.testcases.LogonPageTest" name="loginPageLogoTest" time="0.066"/>
  <testcase classname="com.actitime.qa.testcases.ReportPageTest" name="reportsPageLogoTest" time="0.098"/>
  <testcase classname="com.actitime.qa.testcases.UsersPageTest" name="usersPageLogoTest" time="0.066"/>
  <testcase classname="com.actitime.qa.testcases.HomePageTest" name="homePageUsersLinkTest" time="6.501"/>
  <testcase classname="com.actitime.qa.testcases.HomePageTest" name="homePageTaskLinkTest" time="5.51"/>
  <testcase classname="com.actitime.qa.testcases.LogonPageTest" name="LoginTest" time="0.337"/>
  <testcase classname="com.actitime.qa.testcases.LogonPageTest" name="LoginTest" time="0.315"/>
  <testcase classname="com.actitime.qa.testcases.ReportPageTest" name="reportsPagenewReportTest" time="0.764"/>
  <testcase classname="com.actitime.qa.testcases.UsersPageTest" name="openUserProfile" time="0.427"/>
</testsuite>