<?xml version="1.0" encoding="UTF-8"?>
<testng-results ignored="0" total="5" passed="5" failed="0" skipped="0">
  <reporter-output>
  </reporter-output>
  <suite started-at="2022-09-26T05:53:08Z" name="Command line suite" finished-at="2022-09-26T05:54:02Z" duration-ms="53320">
    <groups>
    </groups>
    <test started-at="2022-09-26T05:53:08Z" name="Command line test" finished-at="2022-09-26T05:54:02Z" duration-ms="53320">
      <class name="com.actitime.qa.testcases.HomePageTest">
        <test-method is-config="true" signature="seup()[pri:0, instance:com.actitime.qa.testcases.HomePageTest@1700915]" started-at="2022-09-26T05:53:08Z" name="seup" finished-at="2022-09-26T05:53:18Z" duration-ms="9567" status="PASS">
          <reporter-output>
          </reporter-output>
        </test-method> <!-- seup -->
        <test-method signature="homePageLogoTest()[pri:1, instance:com.actitime.qa.testcases.HomePageTest@1700915]" started-at="2022-09-26T05:53:18Z" name="homePageLogoTest" finished-at="2022-09-26T05:53:22Z" duration-ms="4362" status="PASS">
          <reporter-output>
          </reporter-output>
        </test-method> <!-- homePageLogoTest -->
        <test-method is-config="true" signature="tearDown()[pri:0, instance:com.actitime.qa.testcases.HomePageTest@1700915]" started-at="2022-09-26T05:53:22Z" name="tearDown" finished-at="2022-09-26T05:53:23Z" duration-ms="398" status="PASS">
          <reporter-output>
          </reporter-output>
        </test-method> <!-- tearDown -->
        <test-method is-config="true" signature="seup()[pri:0, instance:com.actitime.qa.testcases.HomePageTest@1700915]" started-at="2022-09-26T05:53:31Z" name="seup" finished-at="2022-09-26T05:53:39Z" duration-ms="7839" status="PASS">
          <reporter-output>
          </reporter-output>
        </test-method> <!-- seup -->
        <test-method signature="homePageTaskLinkTest()[pri:2, instance:com.actitime.qa.testcases.HomePageTest@1700915]" started-at="2022-09-26T05:53:39Z" name="homePageTaskLinkTest" finished-at="2022-09-26T05:53:45Z" duration-ms="6434" status="PASS">
          <reporter-output>
          </reporter-output>
        </test-method> <!-- homePageTaskLinkTest -->
        <test-method is-config="true" signature="tearDown()[pri:0, instance:com.actitime.qa.testcases.HomePageTest@1700915]" started-at="2022-09-26T05:53:45Z" name="tearDown" finished-at="2022-09-26T05:53:45Z" duration-ms="297" status="PASS">
          <reporter-output>
          </reporter-output>
        </test-method> <!-- tearDown -->
      </class> <!-- com.actitime.qa.testcases.HomePageTest -->
      <class name="com.actitime.qa.testcases.LogonPageTest">
        <test-method is-config="true" signature="seup()[pri:0, instance:com.actitime.qa.testcases.LogonPageTest@21de60b4]" started-at="2022-09-26T05:53:23Z" name="seup" finished-at="2022-09-26T05:53:30Z" duration-ms="7725" status="PASS">
          <reporter-output>
          </reporter-output>
        </test-method> <!-- seup -->
        <test-method signature="loginPageLogoTest()[pri:1, instance:com.actitime.qa.testcases.LogonPageTest@21de60b4]" started-at="2022-09-26T05:53:30Z" name="loginPageLogoTest" finished-at="2022-09-26T05:53:31Z" duration-ms="50" status="PASS">
          <reporter-output>
          </reporter-output>
        </test-method> <!-- loginPageLogoTest -->
        <test-method is-config="true" signature="tearDown()[pri:0, instance:com.actitime.qa.testcases.LogonPageTest@21de60b4]" started-at="2022-09-26T05:53:31Z" name="tearDown" finished-at="2022-09-26T05:53:31Z" duration-ms="265" status="PASS">
          <reporter-output>
          </reporter-output>
        </test-method> <!-- tearDown -->
        <test-method is-config="true" signature="seup()[pri:0, instance:com.actitime.qa.testcases.LogonPageTest@21de60b4]" started-at="2022-09-26T05:53:46Z" name="seup" finished-at="2022-09-26T05:53:53Z" duration-ms="6833" status="PASS">
          <reporter-output>
          </reporter-output>
        </test-method> <!-- seup -->
        <test-method signature="LoginTest(java.lang.String, java.lang.String)[pri:2, instance:com.actitime.qa.testcases.LogonPageTest@21de60b4]" started-at="2022-09-26T05:53:53Z" name="LoginTest" data-provider="getactiTimeTestData" finished-at="2022-09-26T05:53:53Z" duration-ms="378" status="PASS">
          <params>
            <param index="0">
              <value>
                <![CDATA[admin]]>
              </value>
            </param>
            <param index="1">
              <value>
                <![CDATA[manager]]>
              </value>
            </param>
          </params>
          <reporter-output>
          </reporter-output>
        </test-method> <!-- LoginTest -->
        <test-method is-config="true" signature="tearDown()[pri:0, instance:com.actitime.qa.testcases.LogonPageTest@21de60b4]" started-at="2022-09-26T05:53:53Z" name="tearDown" finished-at="2022-09-26T05:53:54Z" duration-ms="218" status="PASS">
          <reporter-output>
          </reporter-output>
        </test-method> <!-- tearDown -->
        <test-method is-config="true" signature="seup()[pri:0, instance:com.actitime.qa.testcases.LogonPageTest@21de60b4]" started-at="2022-09-26T05:53:54Z" name="seup" finished-at="2022-09-26T05:54:01Z" duration-ms="7497" status="PASS">
          <reporter-output>
          </reporter-output>
        </test-method> <!-- seup -->
        <test-method signature="LoginTest(java.lang.String, java.lang.String)[pri:2, instance:com.actitime.qa.testcases.LogonPageTest@21de60b4]" started-at="2022-09-26T05:54:01Z" name="LoginTest" data-provider="getactiTimeTestData" finished-at="2022-09-26T05:54:01Z" duration-ms="375" status="PASS">
          <params>
            <param index="0">
              <value>
                <![CDATA[trainee]]>
              </value>
            </param>
            <param index="1">
              <value>
                <![CDATA[trainee]]>
              </value>
            </param>
          </params>
          <reporter-output>
          </reporter-output>
        </test-method> <!-- LoginTest -->
        <test-method is-config="true" signature="tearDown()[pri:0, instance:com.actitime.qa.testcases.LogonPageTest@21de60b4]" started-at="2022-09-26T05:54:01Z" name="tearDown" finished-at="2022-09-26T05:54:02Z" duration-ms="246" status="PASS">
          <reporter-output>
          </reporter-output>
        </test-method> <!-- tearDown -->
      </class> <!-- com.actitime.qa.testcases.LogonPageTest -->
    </test> <!-- Command line test -->
  </suite> <!-- Command line suite -->
</testng-results>
